\BOOKMARK [1][-]{section.1}{Introduzione}{}% 1
\BOOKMARK [2][-]{subsection.1.1}{Scopo del documento}{section.1}% 2
\BOOKMARK [2][-]{subsection.1.2}{Scopo del Prodotto}{section.1}% 3
\BOOKMARK [2][-]{subsection.1.3}{Glossario}{section.1}% 4
\BOOKMARK [1][-]{section.2}{Collaborazione}{}% 5
\BOOKMARK [2][-]{subsection.2.1}{Comunicazioni}{section.2}% 6
\BOOKMARK [3][-]{subsubsection.2.1.1}{Comunicazioni Esterne}{subsection.2.1}% 7
\BOOKMARK [3][-]{subsubsection.2.1.2}{Comunicazioni Interne}{subsection.2.1}% 8
\BOOKMARK [3][-]{subsubsection.2.1.3}{Composizione Post}{subsection.2.1}% 9
\BOOKMARK [4][-]{paragraph.2.1.3.1}{Titolo}{subsubsection.2.1.3}% 10
\BOOKMARK [4][-]{paragraph.2.1.3.2}{Contenuto}{subsubsection.2.1.3}% 11
\BOOKMARK [4][-]{paragraph.2.1.3.3}{Allegati}{subsubsection.2.1.3}% 12
\BOOKMARK [4][-]{paragraph.2.1.3.4}{Categoria}{subsubsection.2.1.3}% 13
\BOOKMARK [4][-]{paragraph.2.1.3.5}{Notifiche}{subsubsection.2.1.3}% 14
\BOOKMARK [2][-]{subsection.2.2}{Riunioni}{section.2}% 15
\BOOKMARK [3][-]{subsubsection.2.2.1}{Frequenza}{subsection.2.2}% 16
\BOOKMARK [3][-]{subsubsection.2.2.2}{Convocazione Riunione}{subsection.2.2}% 17
\BOOKMARK [4][-]{paragraph.2.2.2.1}{Riunioni Generali}{subsubsection.2.2.2}% 18
\BOOKMARK [4][-]{paragraph.2.2.2.2}{Riunioni tra alcuni membri}{subsubsection.2.2.2}% 19
\BOOKMARK [4][-]{paragraph.2.2.2.3}{Svolgimento Riunione}{subsubsection.2.2.2}% 20
\BOOKMARK [3][-]{subsubsection.2.2.3}{Verbale}{subsection.2.2}% 21
\BOOKMARK [4][-]{paragraph.2.2.3.1}{Riunione Interna}{subsubsection.2.2.3}% 22
\BOOKMARK [4][-]{paragraph.2.2.3.2}{Riunione Esterna}{subsubsection.2.2.3}% 23
\BOOKMARK [2][-]{subsection.2.3}{Repository e strumenti di condivisione file}{section.2}% 24
\BOOKMARK [3][-]{subsubsection.2.3.1}{Struttura Repository dei Documenti}{subsection.2.3}% 25
\BOOKMARK [3][-]{subsubsection.2.3.2}{Condivisione dei File}{subsection.2.3}% 26
\BOOKMARK [1][-]{section.3}{Documenti}{}% 27
\BOOKMARK [2][-]{subsection.3.1}{Template}{section.3}% 28
\BOOKMARK [2][-]{subsection.3.2}{Struttura del Documento}{section.3}% 29
\BOOKMARK [3][-]{subsubsection.3.2.1}{Frontespizio}{subsection.3.2}% 30
\BOOKMARK [3][-]{subsubsection.3.2.2}{Diario delle Modifiche}{subsection.3.2}% 31
\BOOKMARK [3][-]{subsubsection.3.2.3}{Indici}{subsection.3.2}% 32
\BOOKMARK [3][-]{subsubsection.3.2.4}{Formattazione delle Pagine}{subsection.3.2}% 33
\BOOKMARK [2][-]{subsection.3.3}{Regole Tipografiche}{section.3}% 34
\BOOKMARK [3][-]{subsubsection.3.3.1}{Punteggiatura e Norme Grammaticali}{subsection.3.3}% 35
\BOOKMARK [3][-]{subsubsection.3.3.2}{Stile di Testo}{subsection.3.3}% 36
\BOOKMARK [3][-]{subsubsection.3.3.3}{Composizione del Testo}{subsection.3.3}% 37
\BOOKMARK [3][-]{subsubsection.3.3.4}{Formati}{subsection.3.3}% 38
\BOOKMARK [3][-]{subsubsection.3.3.5}{Sigle}{subsection.3.3}% 39
\BOOKMARK [2][-]{subsection.3.4}{Componenti Grafiche}{section.3}% 40
\BOOKMARK [3][-]{subsubsection.3.4.1}{Tabelle}{subsection.3.4}% 41
\BOOKMARK [3][-]{subsubsection.3.4.2}{Immagini}{subsection.3.4}% 42
\BOOKMARK [2][-]{subsection.3.5}{Classificazione Documenti}{section.3}% 43
\BOOKMARK [3][-]{subsubsection.3.5.1}{Documenti informali}{subsection.3.5}% 44
\BOOKMARK [3][-]{subsubsection.3.5.2}{Documenti formali}{subsection.3.5}% 45
\BOOKMARK [2][-]{subsection.3.6}{Versionamento}{section.3}% 46
\BOOKMARK [2][-]{subsection.3.7}{Ciclo di Vita}{section.3}% 47
\BOOKMARK [2][-]{subsection.3.8}{Glossario}{section.3}% 48
\BOOKMARK [1][-]{section.4}{Ruoli di Progetto}{}% 49
\BOOKMARK [2][-]{subsection.4.1}{Amministratore}{section.4}% 50
\BOOKMARK [2][-]{subsection.4.2}{Analista}{section.4}% 51
\BOOKMARK [2][-]{subsection.4.3}{Progettista}{section.4}% 52
\BOOKMARK [2][-]{subsection.4.4}{Programmatore}{section.4}% 53
\BOOKMARK [2][-]{subsection.4.5}{Responsabile di Progetto}{section.4}% 54
\BOOKMARK [2][-]{subsection.4.6}{Verificatore}{section.4}% 55
\BOOKMARK [1][-]{section.5}{Procedure a Supporto dei Processi}{}% 56
\BOOKMARK [2][-]{subsection.5.1}{Gestione di Progetto}{section.5}% 57
\BOOKMARK [3][-]{subsubsection.5.1.1}{Pianificazione delle Attivit\340}{subsection.5.1}% 58
\BOOKMARK [3][-]{subsubsection.5.1.2}{Coordinazione e Controllo delle Attivit\340}{subsection.5.1}% 59
\BOOKMARK [3][-]{subsubsection.5.1.3}{Gestione e Controllo delle Risorse}{subsection.5.1}% 60
\BOOKMARK [3][-]{subsubsection.5.1.4}{Analisi e Gestione dei Rischi}{subsection.5.1}% 61
\BOOKMARK [3][-]{subsubsection.5.1.5}{Elaborazione dei Dati}{subsection.5.1}% 62
\BOOKMARK [3][-]{subsubsection.5.1.6}{Delega}{subsection.5.1}% 63
\BOOKMARK [3][-]{subsubsection.5.1.7}{Assegnazione di Attivit\340}{subsection.5.1}% 64
\BOOKMARK [3][-]{subsubsection.5.1.8}{Gestione dei Cambiamenti}{subsection.5.1}% 65
\BOOKMARK [2][-]{subsection.5.2}{Analisi dei Requisiti}{section.5}% 66
\BOOKMARK [3][-]{subsubsection.5.2.1}{Studio di Fattibilit\340 e Analisi dei Rischi}{subsection.5.2}% 67
\BOOKMARK [3][-]{subsubsection.5.2.2}{Analisi dei Requisiti}{subsection.5.2}% 68
\BOOKMARK [4][-]{paragraph.5.2.2.1}{Classificazione dei Requisiti}{subsubsection.5.2.2}% 69
\BOOKMARK [4][-]{paragraph.5.2.2.2}{Casi d'Uso}{subsubsection.5.2.2}% 70
\BOOKMARK [2][-]{subsection.5.3}{Progettazione}{section.5}% 71
\BOOKMARK [3][-]{subsubsection.5.3.1}{Specifica Tecnica}{subsection.5.3}% 72
\BOOKMARK [4][-]{paragraph.5.3.1.1}{Diagrammi UML}{subsubsection.5.3.1}% 73
\BOOKMARK [4][-]{paragraph.5.3.1.2}{Design Pattern}{subsubsection.5.3.1}% 74
\BOOKMARK [4][-]{paragraph.5.3.1.3}{Tracciamento Componenti}{subsubsection.5.3.1}% 75
\BOOKMARK [4][-]{paragraph.5.3.1.4}{Test di Integrazione}{subsubsection.5.3.1}% 76
\BOOKMARK [3][-]{subsubsection.5.3.2}{Definizione di Prodotto}{subsection.5.3}% 77
\BOOKMARK [4][-]{paragraph.5.3.2.1}{Diagrammi UML}{subsubsection.5.3.2}% 78
\BOOKMARK [4][-]{paragraph.5.3.2.2}{Definizione di Classe}{subsubsection.5.3.2}% 79
\BOOKMARK [4][-]{paragraph.5.3.2.3}{Tracciamento delle Classi}{subsubsection.5.3.2}% 80
\BOOKMARK [4][-]{paragraph.5.3.2.4}{Test di Unit\340}{subsubsection.5.3.2}% 81
\BOOKMARK [2][-]{subsection.5.4}{Codifica}{section.5}% 82
\BOOKMARK [3][-]{subsubsection.5.4.1}{Nomi}{subsection.5.4}% 83
\BOOKMARK [3][-]{subsubsection.5.4.2}{Ricorsione}{subsection.5.4}% 84
\BOOKMARK [3][-]{subsubsection.5.4.3}{Documentazione del Codice}{subsection.5.4}% 85
\BOOKMARK [1][-]{section.6}{Ambiente di Lavoro}{}% 86
\BOOKMARK [2][-]{subsection.6.1}{Coordinamento}{section.6}% 87
\BOOKMARK [3][-]{subsubsection.6.1.1}{Software di Versionamento}{subsection.6.1}% 88
\BOOKMARK [3][-]{subsubsection.6.1.2}{Condivisione dei File}{subsection.6.1}% 89
\BOOKMARK [2][-]{subsection.6.2}{Software di Pianificazione e Gestione dei Compiti}{section.6}% 90
\BOOKMARK [2][-]{subsection.6.3}{Strumenti per i Documenti}{section.6}% 91
\BOOKMARK [3][-]{subsubsection.6.3.1}{LaTeX}{subsection.6.3}% 92
\BOOKMARK [3][-]{subsubsection.6.3.2}{Verifica}{subsection.6.3}% 93
\BOOKMARK [3][-]{subsubsection.6.3.3}{Diagrammi UML}{subsection.6.3}% 94
\BOOKMARK [3][-]{subsubsection.6.3.4}{Fogli di Calcolo}{subsection.6.3}% 95
\BOOKMARK [3][-]{subsubsection.6.3.5}{Software per le Presentazioni}{subsection.6.3}% 96
\BOOKMARK [2][-]{subsection.6.4}{Protocollo per lo Sviluppo dell'Applicazione}{section.6}% 97
\BOOKMARK [3][-]{subsubsection.6.4.1}{Creare un Nuovo Progetto}{subsection.6.4}% 98
\BOOKMARK [3][-]{subsubsection.6.4.2}{Assegnazione di un Nuovo Compito}{subsection.6.4}% 99
\BOOKMARK [3][-]{subsubsection.6.4.3}{Modifica di un Compito}{subsection.6.4}% 100
\BOOKMARK [2][-]{subsection.6.5}{Strumenti per lo Sviluppo dell'Applicazione e per la Codifica}{section.6}% 101
\BOOKMARK [3][-]{subsubsection.6.5.1}{Framework}{subsection.6.5}% 102
