\BOOKMARK [1][-]{section.1}{Introduzione}{}% 1
\BOOKMARK [2][-]{subsection.1.1}{Scopo del documento}{section.1}% 2
\BOOKMARK [2][-]{subsection.1.2}{Capitolato scelto}{section.1}% 3
\BOOKMARK [2][-]{subsection.1.3}{Scopo del Prodotto}{section.1}% 4
\BOOKMARK [2][-]{subsection.1.4}{Glossario}{section.1}% 5
\BOOKMARK [2][-]{subsection.1.5}{Riferimenti}{section.1}% 6
\BOOKMARK [3][-]{subsubsection.1.5.1}{Normativi}{subsection.1.5}% 7
\BOOKMARK [3][-]{subsubsection.1.5.2}{Informativi}{subsection.1.5}% 8
\BOOKMARK [1][-]{section.2}{Capitolato C3}{}% 9
\BOOKMARK [2][-]{subsection.2.1}{Descrizione}{section.2}% 10
\BOOKMARK [2][-]{subsection.2.2}{Studio del dominio}{section.2}% 11
\BOOKMARK [3][-]{subsubsection.2.2.1}{Dominio applicativo}{subsection.2.2}% 12
\BOOKMARK [3][-]{subsubsection.2.2.2}{Dominio tecnologico}{subsection.2.2}% 13
\BOOKMARK [2][-]{subsection.2.3}{Valutazione costi e benefici}{section.2}% 14
\BOOKMARK [1][-]{section.3}{Altri capitolati}{}% 15
\BOOKMARK [2][-]{subsection.3.1}{C1 - Actorbase: a NoSQL DB based on the Actor model}{section.3}% 16
\BOOKMARK [3][-]{subsubsection.3.1.1}{Valutazione generale}{subsection.3.1}% 17
\BOOKMARK [2][-]{subsection.3.2}{C2 - CLIPS: Communication \046 Localisation with Indoor Positioning System}{section.3}% 18
\BOOKMARK [3][-]{subsubsection.3.2.1}{Valutazione generale}{subsection.3.2}% 19
\BOOKMARK [2][-]{subsection.3.3}{C4- MaaS: MongoDB as an admin Service}{section.3}% 20
\BOOKMARK [3][-]{subsubsection.3.3.1}{Valutazione generale}{subsection.3.3}% 21
\BOOKMARK [2][-]{subsection.3.4}{C5 - Quizzipedia: software per la gestione di questionari}{section.3}% 22
\BOOKMARK [3][-]{subsubsection.3.4.1}{Valutazione generale}{subsection.3.4}% 23
\BOOKMARK [2][-]{subsection.3.5}{C6 - SiVoDiM: Sintesi Vocale per Dispositivi Mobili}{section.3}% 24
\BOOKMARK [3][-]{subsubsection.3.5.1}{Valutazione generale}{subsection.3.5}% 25
